<?xml version="1.0" encoding="UTF-8" ?>
<testsuite failures="0" time="9.306" errors="0" skipped="0" tests="13" name="com.mycompany.nearestcab.domain.CabIntegrationTest">
  <properties>
[...]
</properties>
  <testcase time="8.632" classname="com.mycompany.nearestcab.domain.CabIntegrationTest" name="testFindCab"/>
  <testcase time="0.082" classname="com.mycompany.nearestcab.domain.CabIntegrationTest" name="testFlush"/>
  <testcase time="0.141" classname="com.mycompany.nearestcab.domain.CabIntegrationTest" name="testGetRelevantCabs"/>
  <testcase time="0.081" classname="com.mycompany.nearestcab.domain.CabIntegrationTest" name="testPersist"/>
  <testcase time="0.011" classname="com.mycompany.nearestcab.domain.CabIntegrationTest" name="testMarkerMethod"/>
  <testcase time="0.033" classname="com.mycompany.nearestcab.domain.CabIntegrationTest" name="testFindAllCabs"/>
  <testcase time="0.036" classname="com.mycompany.nearestcab.domain.CabIntegrationTest" name="testFindCabEntries"/>
  <testcase time="0.031" classname="com.mycompany.nearestcab.domain.CabIntegrationTest" name="testMergeUpdate"/>
  <testcase time="0.107" classname="com.mycompany.nearestcab.domain.CabIntegrationTest" name="testPutCreateUpdate"/>
  <testcase time="0.056" classname="com.mycompany.nearestcab.domain.CabIntegrationTest" name="testFindCabEntriesRO"/>
  <testcase time="0.046" classname="com.mycompany.nearestcab.domain.CabIntegrationTest" name="testRemove"/>
  <testcase time="0.024" classname="com.mycompany.nearestcab.domain.CabIntegrationTest" name="testGetDistance"/>
  <testcase time="0.026" classname="com.mycompany.nearestcab.domain.CabIntegrationTest" name="testCountCabs"/>
</testsuite>