<?xml version="1.0" encoding="UTF-8" ?>
<testsuite failures="0" time="11.44" errors="0" skipped="0" tests="13" name="com.mycompany.nearestcab.domain.CabIntegrationTest">
  <properties>
[...]
</properties>
  <testcase time="10.314" classname="com.mycompany.nearestcab.domain.CabIntegrationTest" name="testFindCab"/>
  <testcase time="0.26" classname="com.mycompany.nearestcab.domain.CabIntegrationTest" name="testFlush"/>
  <testcase time="0.287" classname="com.mycompany.nearestcab.domain.CabIntegrationTest" name="testGetRelevantCabs"/>
  <testcase time="0.114" classname="com.mycompany.nearestcab.domain.CabIntegrationTest" name="testPersist"/>
  <testcase time="0.008" classname="com.mycompany.nearestcab.domain.CabIntegrationTest" name="testMarkerMethod"/>
  <testcase time="0.038" classname="com.mycompany.nearestcab.domain.CabIntegrationTest" name="testFindAllCabs"/>
  <testcase time="0.034" classname="com.mycompany.nearestcab.domain.CabIntegrationTest" name="testFindCabEntries"/>
  <testcase time="0.052" classname="com.mycompany.nearestcab.domain.CabIntegrationTest" name="testMergeUpdate"/>
  <testcase time="0.125" classname="com.mycompany.nearestcab.domain.CabIntegrationTest" name="testPutCreateUpdate"/>
  <testcase time="0.069" classname="com.mycompany.nearestcab.domain.CabIntegrationTest" name="testFindCabEntriesRO"/>
  <testcase time="0.081" classname="com.mycompany.nearestcab.domain.CabIntegrationTest" name="testRemove"/>
  <testcase time="0.03" classname="com.mycompany.nearestcab.domain.CabIntegrationTest" name="testGetDistance"/>
  <testcase time="0.028" classname="com.mycompany.nearestcab.domain.CabIntegrationTest" name="testCountCabs"/>
</testsuite>